<?xml version="1.0" encoding="UTF-8"?>
<!-- Generated by org.testng.reporters.JUnitReportReporter -->
<testsuite hostname="DESKTOP-MOTNN2M" failures="0" tests="1" name="FlipkartAddWinterHeater" time="3.903" errors="0" timestamp="2022-09-19T16:15:13 IST" skipped="0">
  <testcase classname="FlipkartAddWinterHeater" name="flipkartAddWinterHeater" time="3.903"/>
  <system-out>
    <![CDATA[Product Name is:DARSHANAM WORLD 220v 500w Portable Electric Heater Mini Fan Heater Desktop Household Wall Handy Heating Stove Radiator Warmer Machine for Winter Electric Heater Mini Fan Heater Desktop Household Wall Handy Heating Stove Radiator Warmer Machine for Winter Fan Room Heater
Cart Product Name is:DARSHANAM WORLD 220v 500w Portable Electric Heater Mini Fan Heater Desktop Household Wall Handy Heating Stove Radiator Warmer Machine for Winter Electric Heater Mini Fan Heater Desktop Household Wall Handy Heating Stove Radiator Warmer Machine for Winter Fan Room Heater
flipkartAddWinterHeaterSuccess]]>
  </system-out>
</testsuite> <!-- FlipkartAddWinterHeater -->
