<?xml version="1.0" encoding="UTF-8"?>
<!-- Generated by org.testng.reporters.JUnitReportReporter -->
<testsuite hostname="DESKTOP-MOTNN2M" failures="0" tests="1" name="com.flipkart.addToCart.FlipkartAddWinterHeater" time="6.144" errors="0" timestamp="2022-09-30T13:43:15 IST" skipped="0">
  <testcase classname="com.flipkart.addToCart.FlipkartAddWinterHeater" name="flipkartAddWinterHeater" time="6.144"/>
  <system-out>
    <![CDATA[Product Name is:WunderVoX 3D Flame Styling Wall Mounted Heater Winter Warmer Room Heater Electric-X37 3D Flame Styling Wall Mounted Heater Winter Warmer Room Heater Electric Fan Room Heater
Cart Product Name is:WunderVoX 3D Flame Styling Wall Mounted Heater Winter Warmer Room Heater Electric-X37 3D Flame Styling Wall Mounted Heater Winter Warmer Room Heater Electric Fan Room Heater
flipkartAddWinterHeaterSuccess]]>
  </system-out>
</testsuite> <!-- com.flipkart.addToCart.FlipkartAddWinterHeater -->
